Build started 19.03.2012 15:15:56.
     1>Project "C:\Users\INDI\Documents\Visual Studio 2010\Projects\KinectSkeleton\C++\ISEKinectViewer\ISEKinectViewer.vcxproj" on node 2 (build target(s)).
     1>InitializeBuildStatus:
         Creating "Debug\ISEKinectViewer.unsuccessfulbuild" because "AlwaysCreate" was specified.
       ClCompile:
         All outputs are up-to-date.
         c:\Program Files\Microsoft Visual Studio 10.0\VC\bin\CL.exe /c /ZI /nologo /W3 /WX- /Od /Oy- /D WIN32 /D _DEBUG /D _WINDOWS /D _UNICODE /D UNICODE /Gm /EHsc /RTC1 /MTd /GS /fp:precise /Zc:wchar_t /Zc:forScope /Yu"StdAfx.h" /Fp"Debug\ISEKinectViewer.pch" /Fo"Debug\\" /Fd"Debug\vc100.pdb" /Gd /TP /analyze- /errorReport:prompt NuiImpl.cpp
         NuiImpl.cpp
     1>c:\users\indi\documents\visual studio 2010\projects\kinectskeleton\c++\isekinectviewer\nuiimpl.cpp(513): warning C4805: '==' : unsafe mix of type 'BOOL' and type 'bool' in operation
     1>c:\users\indi\documents\visual studio 2010\projects\kinectskeleton\c++\isekinectviewer\nuiimpl.cpp(610): warning C4805: '==' : unsafe mix of type 'BOOL' and type 'bool' in operation
       ResourceCompile:
         All outputs are up-to-date.
       ManifestResourceCompile:
         All outputs are up-to-date.
       Link:
         c:\Program Files\Microsoft Visual Studio 10.0\VC\bin\link.exe /ERRORREPORT:PROMPT /OUT:"C:\Users\INDI\Documents\Visual Studio 2010\Projects\KinectSkeleton\C++\ISEKinectViewer\Debug\ISEKinectViewer.exe" /INCREMENTAL /NOLOGO kernel32.lib user32.lib gdi32.lib gdiplus.lib winspool.lib comdlg32.lib advapi32.lib shell32.lib ole32.lib oleaut32.lib uuid.lib odbc32.lib odbccp32.lib Kinect10.lib D:\opencv\build\x86\vc10\lib\opencv_core231d.lib D:\opencv\build\x86\vc10\lib\opencv_highgui231d.lib D:\opencv\build\x86\vc10\lib\opencv_imgproc231d.lib D:\opencv\build\x86\vc10\lib\opencv_ml231d.lib D:\opencv\build\x86\vc10\lib\opencv_video231d.lib D:\opencv\build\x86\vc10\lib\opencv_legacy231d.lib kernel32.lib user32.lib gdi32.lib winspool.lib comdlg32.lib advapi32.lib shell32.lib ole32.lib oleaut32.lib uuid.lib odbc32.lib odbccp32.lib /MANIFEST /ManifestFile:"Debug\ISEKinectViewer.exe.intermediate.manifest" /MANIFESTUAC:"level='asInvoker' uiAccess='false'" /DEBUG /PDB:"C:\Users\INDI\Documents\Visual Studio 2010\Projects\KinectSkeleton\C++\ISEKinectViewer\Debug\ISEKinectViewer.pdb" /SUBSYSTEM:WINDOWS /STACK:"10000000","10000000" /TLBID:1 /DYNAMICBASE /NXCOMPAT /IMPLIB:"C:\Users\INDI\Documents\Visual Studio 2010\Projects\KinectSkeleton\C++\ISEKinectViewer\Debug\ISEKinectViewer.lib" /MACHINE:X86 Debug\Viewer.res
         Debug\ISEKinectViewer.exe.embed.manifest.res
         Debug\DrawDevice.obj
         Debug\NuiImpl.obj
         Debug\Viewer.obj
         Debug\stdafx.obj
       Manifest:
         C:\Program Files\Microsoft SDKs\Windows\v7.0A\bin\mt.exe /nologo /verbose /out:"Debug\ISEKinectViewer.exe.embed.manifest" /manifest Debug\ISEKinectViewer.exe.intermediate.manifest
         All outputs are up-to-date.
       LinkEmbedManifest:
         All outputs are up-to-date.
         ISEKinectViewer.vcxproj -> C:\Users\INDI\Documents\Visual Studio 2010\Projects\KinectSkeleton\C++\ISEKinectViewer\Debug\ISEKinectViewer.exe
       FinalizeBuildStatus:
         Deleting file "Debug\ISEKinectViewer.unsuccessfulbuild".
         Touching "Debug\ISEKinectViewer.lastbuildstate".
     1>Done Building Project "C:\Users\INDI\Documents\Visual Studio 2010\Projects\KinectSkeleton\C++\ISEKinectViewer\ISEKinectViewer.vcxproj" (build target(s)).

Build succeeded.

Time Elapsed 00:00:02.56
