C:\Users\INDI\Documents\Visual Studio 2010\Projects\KinectSkeleton\C++\ISEKinectViewer\Debug\cl.command.1.tlog
C:\Users\INDI\Documents\Visual Studio 2010\Projects\KinectSkeleton\C++\ISEKinectViewer\Debug\CL.read.1.tlog
C:\Users\INDI\Documents\Visual Studio 2010\Projects\KinectSkeleton\C++\ISEKinectViewer\Debug\CL.write.1.tlog
C:\USERS\INDI\DOCUMENTS\VISUAL STUDIO 2010\PROJECTS\KINECTSKELETON\C++\ISEKINECTVIEWER\DEBUG\DRAWDEVICE.OBJ
C:\USERS\INDI\DOCUMENTS\VISUAL STUDIO 2010\PROJECTS\KINECTSKELETON\C++\ISEKINECTVIEWER\DEBUG\ISEKINECTVIEWER.EXE
C:\USERS\INDI\DOCUMENTS\VISUAL STUDIO 2010\PROJECTS\KINECTSKELETON\C++\ISEKINECTVIEWER\DEBUG\ISEKINECTVIEWER.EXE.EMBED.MANIFEST
C:\USERS\INDI\DOCUMENTS\VISUAL STUDIO 2010\PROJECTS\KINECTSKELETON\C++\ISEKINECTVIEWER\DEBUG\ISEKINECTVIEWER.EXE.EMBED.MANIFEST.RES
C:\USERS\INDI\DOCUMENTS\VISUAL STUDIO 2010\PROJECTS\KINECTSKELETON\C++\ISEKINECTVIEWER\DEBUG\ISEKINECTVIEWER.EXE.INTERMEDIATE.MANIFEST
C:\USERS\INDI\DOCUMENTS\VISUAL STUDIO 2010\PROJECTS\KINECTSKELETON\C++\ISEKINECTVIEWER\DEBUG\ISEKINECTVIEWER.ILK
C:\USERS\INDI\DOCUMENTS\VISUAL STUDIO 2010\PROJECTS\KINECTSKELETON\C++\ISEKINECTVIEWER\DEBUG\ISEKINECTVIEWER.PCH
C:\USERS\INDI\DOCUMENTS\VISUAL STUDIO 2010\PROJECTS\KINECTSKELETON\C++\ISEKINECTVIEWER\DEBUG\ISEKINECTVIEWER.PDB
C:\Users\INDI\Documents\Visual Studio 2010\Projects\KinectSkeleton\C++\ISEKinectViewer\Debug\ISEKinectViewer_manifest.rc
C:\Users\INDI\Documents\Visual Studio 2010\Projects\KinectSkeleton\C++\ISEKinectViewer\Debug\link.71120.read.1.tlog
C:\Users\INDI\Documents\Visual Studio 2010\Projects\KinectSkeleton\C++\ISEKinectViewer\Debug\link.71120.write.1.tlog
C:\Users\INDI\Documents\Visual Studio 2010\Projects\KinectSkeleton\C++\ISEKinectViewer\Debug\link.71120-cvtres.read.1.tlog
C:\Users\INDI\Documents\Visual Studio 2010\Projects\KinectSkeleton\C++\ISEKinectViewer\Debug\link.71120-cvtres.write.1.tlog
C:\Users\INDI\Documents\Visual Studio 2010\Projects\KinectSkeleton\C++\ISEKinectViewer\Debug\link.command.1.tlog
C:\Users\INDI\Documents\Visual Studio 2010\Projects\KinectSkeleton\C++\ISEKinectViewer\Debug\link.read.1.tlog
C:\Users\INDI\Documents\Visual Studio 2010\Projects\KinectSkeleton\C++\ISEKinectViewer\Debug\link.write.1.tlog
C:\Users\INDI\Documents\Visual Studio 2010\Projects\KinectSkeleton\C++\ISEKinectViewer\Debug\link-cvtres.read.1.tlog
C:\Users\INDI\Documents\Visual Studio 2010\Projects\KinectSkeleton\C++\ISEKinectViewer\Debug\link-cvtres.write.1.tlog
C:\Users\INDI\Documents\Visual Studio 2010\Projects\KinectSkeleton\C++\ISEKinectViewer\Debug\mt.command.1.tlog
C:\Users\INDI\Documents\Visual Studio 2010\Projects\KinectSkeleton\C++\ISEKinectViewer\Debug\mt.read.1.tlog
C:\Users\INDI\Documents\Visual Studio 2010\Projects\KinectSkeleton\C++\ISEKinectViewer\Debug\mt.write.1.tlog
C:\USERS\INDI\DOCUMENTS\VISUAL STUDIO 2010\PROJECTS\KINECTSKELETON\C++\ISEKINECTVIEWER\DEBUG\NUIIMPL.OBJ
C:\Users\INDI\Documents\Visual Studio 2010\Projects\KinectSkeleton\C++\ISEKinectViewer\Debug\rc.command.1.tlog
C:\Users\INDI\Documents\Visual Studio 2010\Projects\KinectSkeleton\C++\ISEKinectViewer\Debug\rc.read.1.tlog
C:\Users\INDI\Documents\Visual Studio 2010\Projects\KinectSkeleton\C++\ISEKinectViewer\Debug\rc.write.1.tlog
C:\USERS\INDI\DOCUMENTS\VISUAL STUDIO 2010\PROJECTS\KINECTSKELETON\C++\ISEKINECTVIEWER\DEBUG\STDAFX.OBJ
C:\Users\INDI\Documents\Visual Studio 2010\Projects\KinectSkeleton\C++\ISEKinectViewer\Debug\vc100.idb
C:\USERS\INDI\DOCUMENTS\VISUAL STUDIO 2010\PROJECTS\KINECTSKELETON\C++\ISEKINECTVIEWER\DEBUG\VC100.PDB
C:\USERS\INDI\DOCUMENTS\VISUAL STUDIO 2010\PROJECTS\KINECTSKELETON\C++\ISEKINECTVIEWER\DEBUG\VIEWER.OBJ
C:\USERS\INDI\DOCUMENTS\VISUAL STUDIO 2010\PROJECTS\KINECTSKELETON\C++\ISEKINECTVIEWER\DEBUG\VIEWER.RES
