C:\Users\Ander\Desktop\Proyecto\Codigo\SkeletalViewer\Debug\cl.command.1.tlog
C:\Users\Ander\Desktop\Proyecto\Codigo\SkeletalViewer\Debug\CL.read.1.tlog
C:\Users\Ander\Desktop\Proyecto\Codigo\SkeletalViewer\Debug\CL.write.1.tlog
C:\USERS\ANDER\DESKTOP\PROYECTO\CODIGO\SKELETALVIEWER\DEBUG\DRAWDEVICE.OBJ
C:\Users\Ander\Desktop\Proyecto\Codigo\SkeletalViewer\Debug\link.3968.read.1.tlog
C:\Users\Ander\Desktop\Proyecto\Codigo\SkeletalViewer\Debug\link.3968.write.1.tlog
C:\Users\Ander\Desktop\Proyecto\Codigo\SkeletalViewer\Debug\link.3968-cvtres.read.1.tlog
C:\Users\Ander\Desktop\Proyecto\Codigo\SkeletalViewer\Debug\link.3968-cvtres.write.1.tlog
C:\Users\Ander\Desktop\Proyecto\Codigo\SkeletalViewer\Debug\link.command.1.tlog
C:\Users\Ander\Desktop\Proyecto\Codigo\SkeletalViewer\Debug\link.read.1.tlog
C:\Users\Ander\Desktop\Proyecto\Codigo\SkeletalViewer\Debug\link.write.1.tlog
C:\Users\Ander\Desktop\Proyecto\Codigo\SkeletalViewer\Debug\link-cvtres.read.1.tlog
C:\Users\Ander\Desktop\Proyecto\Codigo\SkeletalViewer\Debug\link-cvtres.write.1.tlog
C:\Users\Ander\Desktop\Proyecto\Codigo\SkeletalViewer\Debug\mt.command.1.tlog
C:\Users\Ander\Desktop\Proyecto\Codigo\SkeletalViewer\Debug\mt.read.1.tlog
C:\Users\Ander\Desktop\Proyecto\Codigo\SkeletalViewer\Debug\mt.write.1.tlog
C:\USERS\ANDER\DESKTOP\PROYECTO\CODIGO\SKELETALVIEWER\DEBUG\NUIIMPL.OBJ
C:\Users\Ander\Desktop\Proyecto\Codigo\SkeletalViewer\Debug\rc.command.1.tlog
C:\Users\Ander\Desktop\Proyecto\Codigo\SkeletalViewer\Debug\rc.read.1.tlog
C:\Users\Ander\Desktop\Proyecto\Codigo\SkeletalViewer\Debug\rc.write.1.tlog
C:\USERS\ANDER\DESKTOP\PROYECTO\CODIGO\SKELETALVIEWER\DEBUG\SKELETALVIEWER.EXE
C:\USERS\ANDER\DESKTOP\PROYECTO\CODIGO\SKELETALVIEWER\DEBUG\SKELETALVIEWER.EXE.EMBED.MANIFEST
C:\USERS\ANDER\DESKTOP\PROYECTO\CODIGO\SKELETALVIEWER\DEBUG\SKELETALVIEWER.EXE.EMBED.MANIFEST.RES
C:\USERS\ANDER\DESKTOP\PROYECTO\CODIGO\SKELETALVIEWER\DEBUG\SKELETALVIEWER.EXE.INTERMEDIATE.MANIFEST
C:\USERS\ANDER\DESKTOP\PROYECTO\CODIGO\SKELETALVIEWER\DEBUG\SKELETALVIEWER.ILK
C:\USERS\ANDER\DESKTOP\PROYECTO\CODIGO\SKELETALVIEWER\DEBUG\SKELETALVIEWER.OBJ
C:\USERS\ANDER\DESKTOP\PROYECTO\CODIGO\SKELETALVIEWER\DEBUG\SKELETALVIEWER.PCH
C:\USERS\ANDER\DESKTOP\PROYECTO\CODIGO\SKELETALVIEWER\DEBUG\SKELETALVIEWER.PDB
C:\USERS\ANDER\DESKTOP\PROYECTO\CODIGO\SKELETALVIEWER\DEBUG\SKELETALVIEWER.RES
C:\Users\Ander\Desktop\Proyecto\Codigo\SkeletalViewer\Debug\SkeletalViewer_manifest.rc
C:\USERS\ANDER\DESKTOP\PROYECTO\CODIGO\SKELETALVIEWER\DEBUG\STDAFX.OBJ
C:\Users\Ander\Desktop\Proyecto\Codigo\SkeletalViewer\Debug\vc100.idb
C:\USERS\ANDER\DESKTOP\PROYECTO\CODIGO\SKELETALVIEWER\DEBUG\VC100.PDB
