Build started 01.03.2012 21:49:01.
     1>Project "C:\Users\INDI\Documents\Visual Studio 2010\Projects\KinectSkeleton\C++\ISEKinectViewer\SkeletalViewer.vcxproj" on node 2 (build target(s)).
     1>InitializeBuildStatus:
         Creating "Debug\ISEKinectViewer.unsuccessfulbuild" because "AlwaysCreate" was specified.
       ClCompile:
         c:\Program Files\Microsoft Visual Studio 10.0\VC\bin\CL.exe /c /ZI /nologo /W3 /WX- /Od /Oy- /D WIN32 /D _DEBUG /D _WINDOWS /D _UNICODE /D UNICODE /Gm /EHsc /RTC1 /MTd /GS /fp:precise /Zc:wchar_t /Zc:forScope /Yc"StdAfx.h" /Fp"Debug\ISEKinectViewer.pch" /Fo"Debug\\" /Fd"Debug\vc100.pdb" /Gd /TP /analyze- /errorReport:prompt stdafx.cpp
         stdafx.cpp
         c:\Program Files\Microsoft Visual Studio 10.0\VC\bin\CL.exe /c /ZI /nologo /W3 /WX- /Od /Oy- /D WIN32 /D _DEBUG /D _WINDOWS /D _UNICODE /D UNICODE /Gm /EHsc /RTC1 /MTd /GS /fp:precise /Zc:wchar_t /Zc:forScope /Yu"StdAfx.h" /Fp"Debug\ISEKinectViewer.pch" /Fo"Debug\\" /Fd"Debug\vc100.pdb" /Gd /TP /analyze- /errorReport:prompt DrawDevice.cpp NuiImpl.cpp Viewer.cpp
         Viewer.cpp
         NuiImpl.cpp
     1>c:\program files\microsoft visual studio 10.0\vc\include\cstdio(48): warning C4995: 'gets': name was marked as #pragma deprecated
     1>c:\program files\microsoft visual studio 10.0\vc\include\cstdio(52): warning C4995: 'sprintf': name was marked as #pragma deprecated
     1>c:\program files\microsoft visual studio 10.0\vc\include\cstdio(55): warning C4995: 'vsprintf': name was marked as #pragma deprecated
     1>c:\program files\microsoft visual studio 10.0\vc\include\cstring(21): warning C4995: 'strcat': name was marked as #pragma deprecated
     1>c:\program files\microsoft visual studio 10.0\vc\include\cstring(22): warning C4995: 'strcpy': name was marked as #pragma deprecated
     1>c:\program files\microsoft visual studio 10.0\vc\include\cwchar(30): warning C4995: 'swprintf': name was marked as #pragma deprecated
     1>c:\program files\microsoft visual studio 10.0\vc\include\cwchar(31): warning C4995: 'vswprintf': name was marked as #pragma deprecated
     1>c:\program files\microsoft visual studio 10.0\vc\include\cwchar(33): warning C4995: 'wcscat': name was marked as #pragma deprecated
     1>c:\program files\microsoft visual studio 10.0\vc\include\cwchar(35): warning C4995: 'wcscpy': name was marked as #pragma deprecated
     1>c:\program files\microsoft visual studio 10.0\vc\include\intrin.h(1087): warning C4995: 'wcscat': name was marked as #pragma deprecated
     1>c:\program files\microsoft visual studio 10.0\vc\include\intrin.h(1089): warning C4995: 'wcscpy': name was marked as #pragma deprecated
     1>c:\program files\microsoft visual studio 10.0\vc\include\string(757): warning C4995: 'swprintf': name was marked as #pragma deprecated
     1>c:\program files\microsoft visual studio 10.0\vc\include\string(766): warning C4995: 'swprintf': name was marked as #pragma deprecated
     1>c:\program files\microsoft visual studio 10.0\vc\include\string(775): warning C4995: 'swprintf': name was marked as #pragma deprecated
     1>d:\opencv\build\include\opencv2\flann\saving.h(90): warning C4995: 'strcpy': name was marked as #pragma deprecated
     1>d:\opencv\build\include\opencv2\flann\saving.h(92): warning C4995: 'strcpy': name was marked as #pragma deprecated
     1>d:\opencv\build\include\opencv2\flann\logger.h(66): warning C4996: 'fopen': This function or variable may be unsafe. Consider using fopen_s instead. To disable deprecation, use _CRT_SECURE_NO_WARNINGS. See online help for details.
                 c:\program files\microsoft visual studio 10.0\vc\include\stdio.h(234) : see declaration of 'fopen'
     1>d:\opencv\build\include\opencv2\flann\flann.hpp(233): warning C4996: 'cv::flann::Index_<T>': was declared deprecated
                 d:\opencv\build\include\opencv2\flann\flann.hpp(278) : see reference to class template instantiation 'cv::flann::Index_<T>' being compiled
         DrawDevice.cpp
         Generating Code...
       ResourceCompile:
         C:\Program Files\Microsoft SDKs\Windows\v7.0A\bin\rc.exe /D _UNICODE /D UNICODE /l"0x0409" /nologo /fo"Debug\Viewer.res" Viewer.rc 
       ManifestResourceCompile:
         C:\Program Files\Microsoft SDKs\Windows\v7.0A\bin\rc.exe /nologo /fo"Debug\ISEKinectViewer.exe.embed.manifest.res" Debug\ISEKinectViewer_manifest.rc 
       Link:
         c:\Program Files\Microsoft Visual Studio 10.0\VC\bin\link.exe /ERRORREPORT:PROMPT /OUT:"C:\Users\INDI\Documents\Visual Studio 2010\Projects\KinectSkeleton\C++\ISEKinectViewer\Debug\ISEKinectViewer.exe" /INCREMENTAL /NOLOGO kernel32.lib user32.lib gdi32.lib gdiplus.lib winspool.lib comdlg32.lib advapi32.lib shell32.lib ole32.lib oleaut32.lib uuid.lib odbc32.lib odbccp32.lib Kinect10.lib D:\opencv\build\x86\vc10\lib\opencv_core231d.lib D:\opencv\build\x86\vc10\lib\opencv_highgui231d.lib D:\opencv\build\x86\vc10\lib\opencv_video231d.lib D:\opencv\build\x86\vc10\lib\opencv_ml231d.lib D:\opencv\build\x86\vc10\lib\opencv_legacy231d.lib D:\opencv\build\x86\vc10\lib\opencv_imgproc231d.lib kernel32.lib user32.lib gdi32.lib winspool.lib comdlg32.lib advapi32.lib shell32.lib ole32.lib oleaut32.lib uuid.lib odbc32.lib odbccp32.lib /MANIFEST /ManifestFile:"Debug\ISEKinectViewer.exe.intermediate.manifest" /MANIFESTUAC:"level='asInvoker' uiAccess='false'" /DEBUG /PDB:"C:\Users\INDI\Documents\Visual Studio 2010\Projects\KinectSkeleton\C++\ISEKinectViewer\Debug\ISEKinectViewer.pdb" /SUBSYSTEM:WINDOWS /STACK:"10000000","10000000" /TLBID:1 /DYNAMICBASE /NXCOMPAT /IMPLIB:"C:\Users\INDI\Documents\Visual Studio 2010\Projects\KinectSkeleton\C++\ISEKinectViewer\Debug\ISEKinectViewer.lib" /MACHINE:X86 Debug\Viewer.res
         Debug\ISEKinectViewer.exe.embed.manifest.res
         Debug\DrawDevice.obj
         Debug\NuiImpl.obj
         Debug\Viewer.obj
         Debug\stdafx.obj
       Manifest:
         C:\Program Files\Microsoft SDKs\Windows\v7.0A\bin\mt.exe /nologo /verbose /out:"Debug\ISEKinectViewer.exe.embed.manifest" /manifest Debug\ISEKinectViewer.exe.intermediate.manifest
         C:\Program Files\Microsoft SDKs\Windows\v7.0A\bin\rc.exe /nologo /fo"Debug\ISEKinectViewer.exe.embed.manifest.res" Debug\ISEKinectViewer_manifest.rc 
       LinkEmbedManifest:
         c:\Program Files\Microsoft Visual Studio 10.0\VC\bin\link.exe /ERRORREPORT:PROMPT /OUT:"C:\Users\INDI\Documents\Visual Studio 2010\Projects\KinectSkeleton\C++\ISEKinectViewer\Debug\ISEKinectViewer.exe" /INCREMENTAL /NOLOGO kernel32.lib user32.lib gdi32.lib gdiplus.lib winspool.lib comdlg32.lib advapi32.lib shell32.lib ole32.lib oleaut32.lib uuid.lib odbc32.lib odbccp32.lib Kinect10.lib D:\opencv\build\x86\vc10\lib\opencv_core231d.lib D:\opencv\build\x86\vc10\lib\opencv_highgui231d.lib D:\opencv\build\x86\vc10\lib\opencv_video231d.lib D:\opencv\build\x86\vc10\lib\opencv_ml231d.lib D:\opencv\build\x86\vc10\lib\opencv_legacy231d.lib D:\opencv\build\x86\vc10\lib\opencv_imgproc231d.lib kernel32.lib user32.lib gdi32.lib winspool.lib comdlg32.lib advapi32.lib shell32.lib ole32.lib oleaut32.lib uuid.lib odbc32.lib odbccp32.lib /MANIFEST /ManifestFile:"Debug\ISEKinectViewer.exe.intermediate.manifest" /MANIFESTUAC:"level='asInvoker' uiAccess='false'" /DEBUG /PDB:"C:\Users\INDI\Documents\Visual Studio 2010\Projects\KinectSkeleton\C++\ISEKinectViewer\Debug\ISEKinectViewer.pdb" /SUBSYSTEM:WINDOWS /STACK:"10000000","10000000" /TLBID:1 /DYNAMICBASE /NXCOMPAT /IMPLIB:"C:\Users\INDI\Documents\Visual Studio 2010\Projects\KinectSkeleton\C++\ISEKinectViewer\Debug\ISEKinectViewer.lib" /MACHINE:X86 Debug\Viewer.res
         Debug\ISEKinectViewer.exe.embed.manifest.res
         Debug\DrawDevice.obj
         Debug\NuiImpl.obj
         Debug\Viewer.obj
         Debug\stdafx.obj
         SkeletalViewer.vcxproj -> C:\Users\INDI\Documents\Visual Studio 2010\Projects\KinectSkeleton\C++\ISEKinectViewer\Debug\ISEKinectViewer.exe
       FinalizeBuildStatus:
         Deleting file "Debug\ISEKinectViewer.unsuccessfulbuild".
         Touching "Debug\ISEKinectViewer.lastbuildstate".
     1>Done Building Project "C:\Users\INDI\Documents\Visual Studio 2010\Projects\KinectSkeleton\C++\ISEKinectViewer\SkeletalViewer.vcxproj" (build target(s)).

Build succeeded.

Time Elapsed 00:00:11.46
